<?xml version="1.0" encoding="UTF-8"?>
<!-- Generated by org.testng.reporters.JUnitXMLReporter -->
<testsuite hostname="DESKTOP-K3VPPGC" ignored="0" name="Default test" tests="6" failures="0" timestamp="25 Mar 2020 14:21:01 GMT" time="3.272" errors="0">
  <testcase name="CheckContentType" time="0.005" classname="com.employeeapi.tests.GetAllEmployees"/>
  <testcase name="CheckContentlength" time="0.002" classname="com.employeeapi.tests.GetAllEmployees"/>
  <testcase name="CheckResponseTime" time="0.002" classname="com.employeeapi.tests.GetAllEmployees"/>
  <testcase name="checkresponsebody" time="0.025" classname="com.employeeapi.tests.GetAllEmployees"/>
  <testcase name="checkstatuscode" time="0.001" classname="com.employeeapi.tests.GetAllEmployees"/>
  <testcase name="checkstatusline" time="0.0" classname="com.employeeapi.tests.GetAllEmployees"/>
</testsuite> <!-- Default test -->
