<?xml version="1.0" encoding="UTF-8"?>
<testng-results skipped="0" failed="0" ignored="0" total="10" passed="10">
  <reporter-output>
  </reporter-output>
  <suite name="RestAssured Test Suite" duration-ms="5496" started-at="2020-03-26T05:28:27Z" finished-at="2020-03-26T05:28:32Z">
    <groups>
    </groups>
    <test name="RestAssured Test Suite Test cases" duration-ms="5496" started-at="2020-03-26T05:28:27Z" finished-at="2020-03-26T05:28:32Z">
      <class name="com.employeeapi.tests.Delete_Record">
        <test-method status="PASS" signature="setup()[pri:0, instance:com.employeeapi.tests.Delete_Record@59e84876]" name="setup" is-config="true" duration-ms="66" started-at="2020-03-26T05:28:27Z" finished-at="2020-03-26T05:28:27Z">
          <reporter-output>
          </reporter-output>
        </test-method> <!-- setup -->
        <test-method status="PASS" signature="deleteEmployee()[pri:0, instance:com.employeeapi.tests.Delete_Record@59e84876]" name="deleteEmployee" is-config="true" duration-ms="4739" started-at="2020-03-26T05:28:27Z" finished-at="2020-03-26T05:28:31Z">
          <reporter-output>
          </reporter-output>
        </test-method> <!-- deleteEmployee -->
        <test-method status="PASS" signature="CheckContentType()[pri:0, instance:com.employeeapi.tests.Delete_Record@59e84876]" name="CheckContentType" duration-ms="1" started-at="2020-03-26T05:28:32Z" finished-at="2020-03-26T05:28:32Z">
          <reporter-output>
          </reporter-output>
        </test-method> <!-- CheckContentType -->
        <test-method status="PASS" signature="checkresponsebody()[pri:0, instance:com.employeeapi.tests.Delete_Record@59e84876]" name="checkresponsebody" duration-ms="2" started-at="2020-03-26T05:28:32Z" finished-at="2020-03-26T05:28:32Z">
          <reporter-output>
          </reporter-output>
        </test-method> <!-- checkresponsebody -->
        <test-method status="PASS" signature="checkstatusline()[pri:0, instance:com.employeeapi.tests.Delete_Record@59e84876]" name="checkstatusline" duration-ms="0" started-at="2020-03-26T05:28:32Z" finished-at="2020-03-26T05:28:32Z">
          <reporter-output>
          </reporter-output>
        </test-method> <!-- checkstatusline -->
        <test-method status="PASS" signature="checkstatuscode()[pri:0, instance:com.employeeapi.tests.Delete_Record@59e84876]" name="checkstatuscode" duration-ms="0" started-at="2020-03-26T05:28:32Z" finished-at="2020-03-26T05:28:32Z">
          <reporter-output>
          </reporter-output>
        </test-method> <!-- checkstatuscode -->
        <test-method status="PASS" signature="teardown()[pri:0, instance:com.employeeapi.tests.Delete_Record@59e84876]" name="teardown" is-config="true" duration-ms="0" started-at="2020-03-26T05:28:32Z" finished-at="2020-03-26T05:28:32Z">
          <reporter-output>
          </reporter-output>
        </test-method> <!-- teardown -->
      </class> <!-- com.employeeapi.tests.Delete_Record -->
      <class name="com.employeeapi.tests.GetAllEmployees">
        <test-method status="PASS" signature="setup()[pri:0, instance:com.employeeapi.tests.GetAllEmployees@61a485d2]" name="setup" is-config="true" duration-ms="4" started-at="2020-03-26T05:28:32Z" finished-at="2020-03-26T05:28:32Z">
          <reporter-output>
          </reporter-output>
        </test-method> <!-- setup -->
        <test-method status="PASS" signature="getallemployees()[pri:0, instance:com.employeeapi.tests.GetAllEmployees@61a485d2]" name="getallemployees" is-config="true" duration-ms="659" started-at="2020-03-26T05:28:32Z" finished-at="2020-03-26T05:28:32Z">
          <reporter-output>
          </reporter-output>
        </test-method> <!-- getallemployees -->
        <test-method status="PASS" signature="CheckContentType()[pri:0, instance:com.employeeapi.tests.GetAllEmployees@61a485d2]" name="CheckContentType" duration-ms="0" started-at="2020-03-26T05:28:32Z" finished-at="2020-03-26T05:28:32Z">
          <reporter-output>
          </reporter-output>
        </test-method> <!-- CheckContentType -->
        <test-method status="PASS" signature="CheckContentlength()[pri:0, instance:com.employeeapi.tests.GetAllEmployees@61a485d2]" name="CheckContentlength" duration-ms="0" started-at="2020-03-26T05:28:32Z" finished-at="2020-03-26T05:28:32Z">
          <reporter-output>
          </reporter-output>
        </test-method> <!-- CheckContentlength -->
        <test-method status="PASS" signature="CheckResponseTime()[pri:0, instance:com.employeeapi.tests.GetAllEmployees@61a485d2]" name="CheckResponseTime" duration-ms="0" started-at="2020-03-26T05:28:32Z" finished-at="2020-03-26T05:28:32Z">
          <reporter-output>
          </reporter-output>
        </test-method> <!-- CheckResponseTime -->
        <test-method status="PASS" signature="checkresponsebody()[pri:0, instance:com.employeeapi.tests.GetAllEmployees@61a485d2]" name="checkresponsebody" duration-ms="1" started-at="2020-03-26T05:28:32Z" finished-at="2020-03-26T05:28:32Z">
          <reporter-output>
          </reporter-output>
        </test-method> <!-- checkresponsebody -->
        <test-method status="PASS" signature="checkstatuscode()[pri:0, instance:com.employeeapi.tests.GetAllEmployees@61a485d2]" name="checkstatuscode" duration-ms="0" started-at="2020-03-26T05:28:32Z" finished-at="2020-03-26T05:28:32Z">
          <reporter-output>
          </reporter-output>
        </test-method> <!-- checkstatuscode -->
        <test-method status="PASS" signature="checkstatusline()[pri:0, instance:com.employeeapi.tests.GetAllEmployees@61a485d2]" name="checkstatusline" duration-ms="0" started-at="2020-03-26T05:28:32Z" finished-at="2020-03-26T05:28:32Z">
          <reporter-output>
          </reporter-output>
        </test-method> <!-- checkstatusline -->
        <test-method status="PASS" signature="teardown()[pri:0, instance:com.employeeapi.tests.GetAllEmployees@61a485d2]" name="teardown" is-config="true" duration-ms="0" started-at="2020-03-26T05:28:32Z" finished-at="2020-03-26T05:28:32Z">
          <reporter-output>
          </reporter-output>
        </test-method> <!-- teardown -->
      </class> <!-- com.employeeapi.tests.GetAllEmployees -->
    </test> <!-- RestAssured Test Suite Test cases -->
  </suite> <!-- RestAssured Test Suite -->
</testng-results>
