<?xml version="1.0" encoding="UTF-8"?>
<testng-results ignored="0" total="10" passed="10" failed="0" skipped="0">
  <reporter-output>
  </reporter-output>
  <suite started-at="2020-03-26T11:35:38Z" name="RestAssured Test Suite" finished-at="2020-03-26T11:35:43Z" duration-ms="5245">
    <groups>
    </groups>
    <test started-at="2020-03-26T11:35:38Z" name="RestAssured Test Suite Test cases" finished-at="2020-03-26T11:35:43Z" duration-ms="5245">
      <class name="com.employeeapi.tests.Delete_Record">
        <test-method is-config="true" signature="setup()[pri:0, instance:com.employeeapi.tests.Delete_Record@64d2d351]" started-at="2020-03-26T11:35:38Z" name="setup" finished-at="2020-03-26T11:35:38Z" duration-ms="92" status="PASS">
          <reporter-output>
          </reporter-output>
        </test-method> <!-- setup -->
        <test-method is-config="true" signature="deleteEmployee()[pri:0, instance:com.employeeapi.tests.Delete_Record@64d2d351]" started-at="2020-03-26T11:35:38Z" name="deleteEmployee" finished-at="2020-03-26T11:35:42Z" duration-ms="4456" status="PASS">
          <reporter-output>
          </reporter-output>
        </test-method> <!-- deleteEmployee -->
        <test-method signature="CheckContentType()[pri:0, instance:com.employeeapi.tests.Delete_Record@64d2d351]" started-at="2020-03-26T11:35:42Z" name="CheckContentType" finished-at="2020-03-26T11:35:42Z" duration-ms="5" status="PASS">
          <reporter-output>
          </reporter-output>
        </test-method> <!-- CheckContentType -->
        <test-method signature="checkresponsebody()[pri:0, instance:com.employeeapi.tests.Delete_Record@64d2d351]" started-at="2020-03-26T11:35:42Z" name="checkresponsebody" finished-at="2020-03-26T11:35:42Z" duration-ms="4" status="PASS">
          <reporter-output>
          </reporter-output>
        </test-method> <!-- checkresponsebody -->
        <test-method signature="checkstatuscode()[pri:0, instance:com.employeeapi.tests.Delete_Record@64d2d351]" started-at="2020-03-26T11:35:42Z" name="checkstatuscode" finished-at="2020-03-26T11:35:42Z" duration-ms="1" status="PASS">
          <reporter-output>
          </reporter-output>
        </test-method> <!-- checkstatuscode -->
        <test-method signature="checkstatusline()[pri:0, instance:com.employeeapi.tests.Delete_Record@64d2d351]" started-at="2020-03-26T11:35:42Z" name="checkstatusline" finished-at="2020-03-26T11:35:42Z" duration-ms="1" status="PASS">
          <reporter-output>
          </reporter-output>
        </test-method> <!-- checkstatusline -->
        <test-method is-config="true" signature="teardown()[pri:0, instance:com.employeeapi.tests.Delete_Record@64d2d351]" started-at="2020-03-26T11:35:42Z" name="teardown" finished-at="2020-03-26T11:35:42Z" duration-ms="0" status="PASS">
          <reporter-output>
          </reporter-output>
        </test-method> <!-- teardown -->
      </class> <!-- com.employeeapi.tests.Delete_Record -->
      <class name="com.employeeapi.tests.GetAllEmployees">
        <test-method is-config="true" signature="setup()[pri:0, instance:com.employeeapi.tests.GetAllEmployees@1b68b9a4]" started-at="2020-03-26T11:35:42Z" name="setup" finished-at="2020-03-26T11:35:42Z" duration-ms="20" status="PASS">
          <reporter-output>
          </reporter-output>
        </test-method> <!-- setup -->
        <test-method is-config="true" signature="getallemployees()[pri:0, instance:com.employeeapi.tests.GetAllEmployees@1b68b9a4]" started-at="2020-03-26T11:35:42Z" name="getallemployees" finished-at="2020-03-26T11:35:43Z" duration-ms="638" status="PASS">
          <reporter-output>
          </reporter-output>
        </test-method> <!-- getallemployees -->
        <test-method signature="CheckContentType()[pri:0, instance:com.employeeapi.tests.GetAllEmployees@1b68b9a4]" started-at="2020-03-26T11:35:43Z" name="CheckContentType" finished-at="2020-03-26T11:35:43Z" duration-ms="1" status="PASS">
          <reporter-output>
          </reporter-output>
        </test-method> <!-- CheckContentType -->
        <test-method signature="CheckContentlength()[pri:0, instance:com.employeeapi.tests.GetAllEmployees@1b68b9a4]" started-at="2020-03-26T11:35:43Z" name="CheckContentlength" finished-at="2020-03-26T11:35:43Z" duration-ms="1" status="PASS">
          <reporter-output>
          </reporter-output>
        </test-method> <!-- CheckContentlength -->
        <test-method signature="CheckResponseTime()[pri:0, instance:com.employeeapi.tests.GetAllEmployees@1b68b9a4]" started-at="2020-03-26T11:35:43Z" name="CheckResponseTime" finished-at="2020-03-26T11:35:43Z" duration-ms="2" status="PASS">
          <reporter-output>
          </reporter-output>
        </test-method> <!-- CheckResponseTime -->
        <test-method signature="checkresponsebody()[pri:0, instance:com.employeeapi.tests.GetAllEmployees@1b68b9a4]" started-at="2020-03-26T11:35:43Z" name="checkresponsebody" finished-at="2020-03-26T11:35:43Z" duration-ms="2" status="PASS">
          <reporter-output>
          </reporter-output>
        </test-method> <!-- checkresponsebody -->
        <test-method signature="checkstatuscode()[pri:0, instance:com.employeeapi.tests.GetAllEmployees@1b68b9a4]" started-at="2020-03-26T11:35:43Z" name="checkstatuscode" finished-at="2020-03-26T11:35:43Z" duration-ms="1" status="PASS">
          <reporter-output>
          </reporter-output>
        </test-method> <!-- checkstatuscode -->
        <test-method signature="checkstatusline()[pri:0, instance:com.employeeapi.tests.GetAllEmployees@1b68b9a4]" started-at="2020-03-26T11:35:43Z" name="checkstatusline" finished-at="2020-03-26T11:35:43Z" duration-ms="1" status="PASS">
          <reporter-output>
          </reporter-output>
        </test-method> <!-- checkstatusline -->
        <test-method is-config="true" signature="teardown()[pri:0, instance:com.employeeapi.tests.GetAllEmployees@1b68b9a4]" started-at="2020-03-26T11:35:43Z" name="teardown" finished-at="2020-03-26T11:35:43Z" duration-ms="1" status="PASS">
          <reporter-output>
          </reporter-output>
        </test-method> <!-- teardown -->
      </class> <!-- com.employeeapi.tests.GetAllEmployees -->
    </test> <!-- RestAssured Test Suite Test cases -->
  </suite> <!-- RestAssured Test Suite -->
</testng-results>
