<?xml version="1.0" encoding="UTF-8"?>
<testsuite xmlns:xsi="http://www.w3.org/2001/XMLSchema-instance" xsi:noNamespaceSchemaLocation="https://maven.apache.org/surefire/maven-surefire-plugin/xsd/surefire-test-report-3.0.xsd" version="3.0" name="TestSuite" time="6.739" tests="10" errors="0" skipped="0" failures="0">
  <properties>
[...]
</properties>
  <testcase name="CheckContentType" classname="com.employeeapi.tests.Delete_Record" time="0.011"/>
  <testcase name="checkresponsebody" classname="com.employeeapi.tests.Delete_Record" time="0.001"/>
  <testcase name="checkstatuscode" classname="com.employeeapi.tests.Delete_Record" time="0"/>
  <testcase name="checkstatusline" classname="com.employeeapi.tests.Delete_Record" time="0.001"/>
  <testcase name="CheckContentType" classname="com.employeeapi.tests.GetAllEmployees" time="0.001"/>
  <testcase name="CheckContentlength" classname="com.employeeapi.tests.GetAllEmployees" time="0.009"/>
  <testcase name="CheckResponseTime" classname="com.employeeapi.tests.GetAllEmployees" time="0"/>
  <testcase name="checkresponsebody" classname="com.employeeapi.tests.GetAllEmployees" time="0.002"/>
  <testcase name="checkstatuscode" classname="com.employeeapi.tests.GetAllEmployees" time="0"/>
  <testcase name="checkstatusline" classname="com.employeeapi.tests.GetAllEmployees" time="0.015"/>
</testsuite>