<?xml version="1.0" encoding="UTF-8"?>
<testng-results ignored="0" total="10" passed="10" failed="0" skipped="0">
  <reporter-output>
  </reporter-output>
  <suite started-at="2020-03-26T03:56:48Z" name="RestAssured Test Suite" finished-at="2020-03-26T03:56:52Z" duration-ms="4636">
    <groups>
    </groups>
    <test started-at="2020-03-26T03:56:48Z" name="RestAssured Test Suite Test cases" finished-at="2020-03-26T03:56:52Z" duration-ms="4636">
      <class name="com.employeeapi.tests.Delete_Record">
        <test-method is-config="true" signature="setup()[pri:0, instance:com.employeeapi.tests.Delete_Record@1460a8c0]" started-at="2020-03-26T03:56:48Z" name="setup" finished-at="2020-03-26T03:56:48Z" duration-ms="46" status="PASS">
          <reporter-output>
          </reporter-output>
        </test-method> <!-- setup -->
        <test-method is-config="true" signature="deleteEmployee()[pri:0, instance:com.employeeapi.tests.Delete_Record@1460a8c0]" started-at="2020-03-26T03:56:48Z" name="deleteEmployee" finished-at="2020-03-26T03:56:52Z" duration-ms="3877" status="PASS">
          <reporter-output>
          </reporter-output>
        </test-method> <!-- deleteEmployee -->
        <test-method signature="CheckContentType()[pri:0, instance:com.employeeapi.tests.Delete_Record@1460a8c0]" started-at="2020-03-26T03:56:52Z" name="CheckContentType" finished-at="2020-03-26T03:56:52Z" duration-ms="5" status="PASS">
          <reporter-output>
          </reporter-output>
        </test-method> <!-- CheckContentType -->
        <test-method signature="checkresponsebody()[pri:0, instance:com.employeeapi.tests.Delete_Record@1460a8c0]" started-at="2020-03-26T03:56:52Z" name="checkresponsebody" finished-at="2020-03-26T03:56:52Z" duration-ms="4" status="PASS">
          <reporter-output>
          </reporter-output>
        </test-method> <!-- checkresponsebody -->
        <test-method signature="checkstatuscode()[pri:0, instance:com.employeeapi.tests.Delete_Record@1460a8c0]" started-at="2020-03-26T03:56:52Z" name="checkstatuscode" finished-at="2020-03-26T03:56:52Z" duration-ms="1" status="PASS">
          <reporter-output>
          </reporter-output>
        </test-method> <!-- checkstatuscode -->
        <test-method signature="checkstatusline()[pri:0, instance:com.employeeapi.tests.Delete_Record@1460a8c0]" started-at="2020-03-26T03:56:52Z" name="checkstatusline" finished-at="2020-03-26T03:56:52Z" duration-ms="0" status="PASS">
          <reporter-output>
          </reporter-output>
        </test-method> <!-- checkstatusline -->
        <test-method is-config="true" signature="teardown()[pri:0, instance:com.employeeapi.tests.Delete_Record@1460a8c0]" started-at="2020-03-26T03:56:52Z" name="teardown" finished-at="2020-03-26T03:56:52Z" duration-ms="0" status="PASS">
          <reporter-output>
          </reporter-output>
        </test-method> <!-- teardown -->
      </class> <!-- com.employeeapi.tests.Delete_Record -->
      <class name="com.employeeapi.tests.GetAllEmployees">
        <test-method is-config="true" signature="setup()[pri:0, instance:com.employeeapi.tests.GetAllEmployees@4f638935]" started-at="2020-03-26T03:56:52Z" name="setup" finished-at="2020-03-26T03:56:52Z" duration-ms="3" status="PASS">
          <reporter-output>
          </reporter-output>
        </test-method> <!-- setup -->
        <test-method is-config="true" signature="getallemployees()[pri:0, instance:com.employeeapi.tests.GetAllEmployees@4f638935]" started-at="2020-03-26T03:56:52Z" name="getallemployees" finished-at="2020-03-26T03:56:52Z" duration-ms="669" status="PASS">
          <reporter-output>
          </reporter-output>
        </test-method> <!-- getallemployees -->
        <test-method signature="CheckContentType()[pri:0, instance:com.employeeapi.tests.GetAllEmployees@4f638935]" started-at="2020-03-26T03:56:52Z" name="CheckContentType" finished-at="2020-03-26T03:56:52Z" duration-ms="1" status="PASS">
          <reporter-output>
          </reporter-output>
        </test-method> <!-- CheckContentType -->
        <test-method signature="CheckContentlength()[pri:0, instance:com.employeeapi.tests.GetAllEmployees@4f638935]" started-at="2020-03-26T03:56:52Z" name="CheckContentlength" finished-at="2020-03-26T03:56:52Z" duration-ms="1" status="PASS">
          <reporter-output>
          </reporter-output>
        </test-method> <!-- CheckContentlength -->
        <test-method signature="CheckResponseTime()[pri:0, instance:com.employeeapi.tests.GetAllEmployees@4f638935]" started-at="2020-03-26T03:56:52Z" name="CheckResponseTime" finished-at="2020-03-26T03:56:52Z" duration-ms="1" status="PASS">
          <reporter-output>
          </reporter-output>
        </test-method> <!-- CheckResponseTime -->
        <test-method signature="checkresponsebody()[pri:0, instance:com.employeeapi.tests.GetAllEmployees@4f638935]" started-at="2020-03-26T03:56:52Z" name="checkresponsebody" finished-at="2020-03-26T03:56:52Z" duration-ms="1" status="PASS">
          <reporter-output>
          </reporter-output>
        </test-method> <!-- checkresponsebody -->
        <test-method signature="checkstatuscode()[pri:0, instance:com.employeeapi.tests.GetAllEmployees@4f638935]" started-at="2020-03-26T03:56:52Z" name="checkstatuscode" finished-at="2020-03-26T03:56:52Z" duration-ms="1" status="PASS">
          <reporter-output>
          </reporter-output>
        </test-method> <!-- checkstatuscode -->
        <test-method signature="checkstatusline()[pri:0, instance:com.employeeapi.tests.GetAllEmployees@4f638935]" started-at="2020-03-26T03:56:52Z" name="checkstatusline" finished-at="2020-03-26T03:56:52Z" duration-ms="0" status="PASS">
          <reporter-output>
          </reporter-output>
        </test-method> <!-- checkstatusline -->
        <test-method is-config="true" signature="teardown()[pri:0, instance:com.employeeapi.tests.GetAllEmployees@4f638935]" started-at="2020-03-26T03:56:52Z" name="teardown" finished-at="2020-03-26T03:56:52Z" duration-ms="0" status="PASS">
          <reporter-output>
          </reporter-output>
        </test-method> <!-- teardown -->
      </class> <!-- com.employeeapi.tests.GetAllEmployees -->
    </test> <!-- RestAssured Test Suite Test cases -->
  </suite> <!-- RestAssured Test Suite -->
</testng-results>
