<?xml version="1.0" encoding="UTF-8"?>
<!-- Generated by org.testng.reporters.JUnitXMLReporter -->
<testsuite ignored="0" hostname="DESKTOP-K3VPPGC" failures="0" tests="10" name="RestAssured Test Suite Test cases" time="5.245" errors="0" timestamp="26 Mar 2020 11:35:43 GMT">
  <testcase classname="com.employeeapi.tests.Delete_Record" name="CheckContentType" time="0.005"/>
  <testcase classname="com.employeeapi.tests.Delete_Record" name="checkresponsebody" time="0.004"/>
  <testcase classname="com.employeeapi.tests.Delete_Record" name="checkstatuscode" time="0.001"/>
  <testcase classname="com.employeeapi.tests.Delete_Record" name="checkstatusline" time="0.001"/>
  <testcase classname="com.employeeapi.tests.GetAllEmployees" name="CheckContentType" time="0.001"/>
  <testcase classname="com.employeeapi.tests.GetAllEmployees" name="CheckContentlength" time="0.001"/>
  <testcase classname="com.employeeapi.tests.GetAllEmployees" name="CheckResponseTime" time="0.002"/>
  <testcase classname="com.employeeapi.tests.GetAllEmployees" name="checkresponsebody" time="0.002"/>
  <testcase classname="com.employeeapi.tests.GetAllEmployees" name="checkstatuscode" time="0.001"/>
  <testcase classname="com.employeeapi.tests.GetAllEmployees" name="checkstatusline" time="0.001"/>
</testsuite> <!-- RestAssured Test Suite Test cases -->
