<?xml version="1.0" encoding="UTF-8"?>
<!-- Generated by org.testng.reporters.JUnitXMLReporter -->
<testsuite hostname="DESKTOP-K3VPPGC" ignored="0" name="RestAssured Test Suite Test cases" tests="10" failures="0" timestamp="26 Mar 2020 05:28:32 GMT" time="5.496" errors="0">
  <testcase name="CheckContentType" time="0.001" classname="com.employeeapi.tests.Delete_Record"/>
  <testcase name="checkresponsebody" time="0.002" classname="com.employeeapi.tests.Delete_Record"/>
  <testcase name="checkstatuscode" time="0.0" classname="com.employeeapi.tests.Delete_Record"/>
  <testcase name="checkstatusline" time="0.0" classname="com.employeeapi.tests.Delete_Record"/>
  <testcase name="CheckContentType" time="0.0" classname="com.employeeapi.tests.GetAllEmployees"/>
  <testcase name="CheckContentlength" time="0.0" classname="com.employeeapi.tests.GetAllEmployees"/>
  <testcase name="CheckResponseTime" time="0.0" classname="com.employeeapi.tests.GetAllEmployees"/>
  <testcase name="checkresponsebody" time="0.001" classname="com.employeeapi.tests.GetAllEmployees"/>
  <testcase name="checkstatuscode" time="0.0" classname="com.employeeapi.tests.GetAllEmployees"/>
  <testcase name="checkstatusline" time="0.0" classname="com.employeeapi.tests.GetAllEmployees"/>
</testsuite> <!-- RestAssured Test Suite Test cases -->
